[INFO] 12:32:04:234 TP0/(8206:8206): Hola! Soy un log
[INFO] 12:32:35:064 TP0/(8269:8269): Hola! Soy un log
[INFO] 12:33:22:970 TP0/(8309:8309): Hola! Soy un log
[INFO] 12:38:40:234 TP0/(8478:8478): Hola! Soy un log
[INFO] 12:40:10:423 TP0/(8614:8614): Hola! Soy un log
[INFO] 12:43:56:960 TP0/(8739:8739): Hola! Soy un log
[INFO] 12:44:29:452 TP0/(8788:8788): Hola! Soy un log
[INFO] 12:44:37:906 TP0/(8812:8812): Hola! Soy un log
[INFO] 12:45:21:919 TP0/(8871:8871): Hola! Soy un log
[INFO] 12:45:42:356 TP0/(8934:8934): Hola! Soy un log
[INFO] 12:48:09:279 TP0/(9031:9031): Hola! Soy un log
[INFO] 12:48:55:181 TP0/(9130:9130): Hola! Soy un log
[INFO] 12:50:50:110 TP0/(9209:9209): Hola! Soy un log
[INFO] 12:50:59:449 TP0/(9231:9231): Hola! Soy un log
[INFO] 12:51:17:912 TP0/(9287:9287): Hola! Soy un log
[INFO] 12:56:01:366 TP0/(9471:9471): Hola! Soy un log
[INFO] 12:56:24:474 TP0/(9534:9534): Hola! Soy un log
[INFO] 12:57:59:546 TP0/(9609:9609): Hola! Soy un log
[INFO] 12:58:14:230 TP0/(9656:9656): Hola! Soy un log
[INFO] 12:58:37:193 TP0/(9706:9706): Hola! Soy un log
[INFO] 12:59:08:216 TP0/(9751:9751): Hola! Soy un log
[INFO] 13:03:07:784 TP0/(9882:9882): Hola! Soy un log
[INFO] 13:04:37:596 TP0/(9952:9952): Hola! Soy un log
[INFO] 13:04:37:599 TP0/(9952:9952): valor
[INFO] 13:13:25:701 TP0/(10044:10044): Hola! Soy un log
[INFO] 13:13:25:705 TP0/(10044:10044): valor
[INFO] 13:19:43:106 TP0/(10228:10228): Hola! Soy un log
[INFO] 13:19:43:117 TP0/(10228:10228): »Åòr
[INFO] 13:20:34:877 TP0/(10282:10282): Hola! Soy un log
[INFO] 13:20:34:878 TP0/(10282:10282): valor
[INFO] 13:21:03:854 TP0/(10332:10332): Hola! Soy un log
[INFO] 13:21:03:855 TP0/(10332:10332): valor
[INFO] 13:23:46:560 TP0/(10413:10413): Hola! Soy un log
[INFO] 13:23:46:561 TP0/(10413:10413): valor
[INFO] 13:26:02:345 TP0/(10502:10502): Hola! Soy un log
[INFO] 13:26:02:351 TP0/(10502:10502): valor
[INFO] 13:26:10:335 TP0/(10502:10502): 
[INFO] 13:26:30:935 TP0/(10540:10540): Hola! Soy un log
[INFO] 13:26:30:936 TP0/(10540:10540): valor
[INFO] 13:26:34:628 TP0/(10540:10540): hi
[INFO] 13:27:32:713 TP0/(10582:10582): Hola! Soy un log
[INFO] 13:27:32:720 TP0/(10582:10582): valor
[INFO] 13:27:36:112 TP0/(10582:10582): hi 2
[INFO] 13:35:16:247 TP0/(10735:10735): Hola! Soy un log
[INFO] 13:35:16:249 TP0/(10735:10735): valor
[INFO] 13:35:21:817 TP0/(10735:10735): o
[INFO] 13:35:26:703 TP0/(10735:10735): 
[INFO] 13:36:07:611 TP0/(10735:10735): a
[INFO] 13:37:30:180 TP0/(10789:10789): Hola! Soy un log
[INFO] 13:37:30:183 TP0/(10789:10789): valor
[INFO] 13:37:34:903 TP0/(10789:10789): hola
[INFO] 13:37:36:506 TP0/(10789:10789): como
[INFO] 13:37:38:171 TP0/(10789:10789): estas
[INFO] 13:37:40:990 TP0/(10789:10789): hi
[INFO] 13:37:41:339 TP0/(10789:10789): 
[INFO] 13:37:42:250 TP0/(10789:10789): 
[INFO] 13:38:54:529 TP0/(10861:10861): Hola! Soy un log
[INFO] 13:38:54:534 TP0/(10861:10861): valor
[INFO] 13:38:59:165 TP0/(10861:10861): 1
[INFO] 13:39:00:088 TP0/(10861:10861): 2
[INFO] 13:39:00:890 TP0/(10861:10861): 3
[INFO] 13:39:01:328 TP0/(10861:10861): 
[INFO] 13:39:01:914 TP0/(10861:10861): 
[INFO] 13:39:45:833 TP0/(10937:10937): Hola! Soy un log
[INFO] 13:39:45:834 TP0/(10937:10937): valor
[INFO] 13:39:51:950 TP0/(10937:10937): vamos
[INFO] 13:39:52:497 TP0/(10937:10937): a
[INFO] 13:39:54:458 TP0/(10937:10937):  probar
[INFO] 13:39:54:989 TP0/(10937:10937): 
[INFO] 13:41:12:950 TP0/(11026:11026): Hola! Soy un log
[INFO] 13:41:12:952 TP0/(11026:11026): valor
[INFO] 13:41:39:074 TP0/(11080:11080): Hola! Soy un log
[INFO] 13:41:39:080 TP0/(11080:11080): valor
[INFO] 13:41:44:128 TP0/(11080:11080): a
[INFO] 13:41:48:375 TP0/(11080:11080): b
[INFO] 15:33:23:318 TP0/(12841:12841): Hola! Soy un log
[INFO] 15:33:23:323 TP0/(12841:12841): valor
[INFO] 15:34:51:750 TP0/(13008:13008): Hola! Soy un log
[INFO] 15:34:51:755 TP0/(13008:13008): valor
[INFO] 15:38:39:921 TP0/(13116:13116): Hola! Soy un log
[INFO] 15:38:39:921 TP0/(13116:13116): valor
[INFO] 15:38:47:400 TP0/(13158:13158): Hola! Soy un log
[INFO] 15:38:47:403 TP0/(13158:13158): valor
[INFO] 15:48:30:594 TP0/(13560:13560): Hola! Soy un log
[INFO] 15:48:30:596 TP0/(13560:13560): valor
[INFO] 15:48:54:590 TP0/(13560:13560): hi
[INFO] 15:55:46:589 TP0/(13687:13687): Hola! Soy un log
[INFO] 15:55:46:595 TP0/(13687:13687): valor
[INFO] 15:58:00:292 TP0/(13722:13722): Hola! Soy un log
[INFO] 15:58:00:295 TP0/(13722:13722): valor
[INFO] 15:58:25:257 TP0/(13734:13734): Hola! Soy un log
[INFO] 15:58:25:260 TP0/(13734:13734): valor
[INFO] 16:13:38:763 TP0/(14205:14205): Hola! Soy un log
[INFO] 16:13:38:764 TP0/(14205:14205): valor
[INFO] 16:14:20:469 TP0/(14244:14244): Hola! Soy un log
[INFO] 16:14:20:469 TP0/(14244:14244): valor
[INFO] 16:14:24:748 TP0/(14254:14254): Hola! Soy un log
[INFO] 16:14:24:751 TP0/(14254:14254): valor
[INFO] 16:14:31:262 TP0/(14265:14265): Hola! Soy un log
[INFO] 16:14:31:267 TP0/(14265:14265): valor
[INFO] 16:18:01:099 TP0/(14414:14414): Hola! Soy un log
[INFO] 16:18:01:100 TP0/(14414:14414): valor
[INFO] 16:18:02:567 TP0/(14427:14427): Hola! Soy un log
[INFO] 16:18:02:570 TP0/(14427:14427): valor
[INFO] 16:19:38:103 TP0/(14505:14505): Hola! Soy un log
[INFO] 16:19:38:104 TP0/(14505:14505): valor
[INFO] 16:19:40:656 TP0/(14521:14521): Hola! Soy un log
[INFO] 16:19:40:658 TP0/(14521:14521): valor
[INFO] 16:19:42:684 TP0/(14521:14521): a
[INFO] 16:22:17:852 TP0/(14633:14633): Hola! Soy un log
[INFO] 16:22:17:853 TP0/(14633:14633): valor
[INFO] 16:22:19:046 TP0/(14644:14644): Hola! Soy un log
[INFO] 16:22:19:051 TP0/(14644:14644): valor
[INFO] 16:22:48:248 TP0/(14710:14710): Hola! Soy un log
[INFO] 16:22:48:248 TP0/(14710:14710): valor
[INFO] 16:22:49:352 TP0/(14721:14721): Hola! Soy un log
[INFO] 16:22:49:355 TP0/(14721:14721): valor
[INFO] 16:32:40:429 TP0/(14941:14941): Hola! Soy un log
[INFO] 16:32:40:433 TP0/(14941:14941): valor
[INFO] 16:34:25:416 TP0/(15354:15354): Hola! Soy un log
[INFO] 16:34:25:427 TP0/(15354:15354): valor
[INFO] 16:34:29:939 TP0/(15395:15395): Hola! Soy un log
[INFO] 16:34:29:939 TP0/(15395:15395): valor
[INFO] 16:37:11:021 TP0/(15802:15802): Hola! Soy un log
[INFO] 16:37:11:029 TP0/(15802:15802): valor
[INFO] 16:44:14:246 TP0/(16329:16329): Hola! Soy un log
[INFO] 16:44:14:247 TP0/(16329:16329): valor
[INFO] 10:50:56:809 TP0/(4919:4919): Hola! Soy un log
[INFO] 10:50:56:810 TP0/(4919:4919): valor
[INFO] 10:51:17:527 TP0/(5002:5002): Hola! Soy un log
[INFO] 10:51:17:527 TP0/(5002:5002): valor
[INFO] 11:00:10:847 TP0/(5477:5477): Hola! Soy un log
[INFO] 11:00:10:847 TP0/(5477:5477): valor
[INFO] 11:06:18:558 TP0/(5566:5566): Hola! Soy un log
[INFO] 11:06:18:558 TP0/(5566:5566): valor
[INFO] 11:06:40:980 TP0/(5594:5594): Hola! Soy un log
[INFO] 11:06:40:981 TP0/(5594:5594): valor
[INFO] 11:08:53:860 TP0/(5647:5647): Hola! Soy un log
[INFO] 11:08:53:861 TP0/(5647:5647): Tesla
[INFO] 11:26:19:973 TP0/(6099:6099): Hola! Soy un log
[INFO] 11:26:19:974 TP0/(6099:6099): Tesla
[INFO] 11:27:33:237 TP0/(6143:6143): Hola! Soy un log
[INFO] 11:27:33:237 TP0/(6143:6143): Tesla
[INFO] 11:28:04:090 TP0/(6186:6186): Hola! Soy un log
[INFO] 11:28:04:091 TP0/(6186:6186): Tesla
[INFO] 11:35:11:496 TP0/(6364:6364): Hola! Soy un log
[INFO] 11:35:11:496 TP0/(6364:6364): Tesla
[INFO] 11:41:02:379 TP0/(6562:6562): Hola! Soy un log
[INFO] 11:41:02:380 TP0/(6562:6562): Tesla
[INFO] 11:42:51:489 TP0/(6655:6655): Hola! Soy un log
[INFO] 11:42:51:489 TP0/(6655:6655): Tesla
[INFO] 11:46:21:488 TP0/(6871:6871): Hola! Soy un log
[INFO] 11:46:21:488 TP0/(6871:6871): Tesla
[INFO] 11:48:16:781 TP0/(7049:7049): Hola! Soy un log
[INFO] 11:48:16:782 TP0/(7049:7049): Tesla
[INFO] 11:48:53:382 TP0/(7179:7179): Hola! Soy un log
[INFO] 11:48:53:382 TP0/(7179:7179): Tesla
[INFO] 11:51:59:622 TP0/(7321:7321): Hola! Soy un log
[INFO] 11:51:59:622 TP0/(7321:7321): Tesla
[INFO] 11:54:41:022 TP0/(7353:7353): Hola! Soy un log
[INFO] 11:54:41:023 TP0/(7353:7353): Tesla
[INFO] 11:55:05:121 TP0/(7386:7386): Hola! Soy un log
[INFO] 11:55:07:696 TP0/(7386:7386): Tesla
[INFO] 11:56:26:854 TP0/(7454:7454): Hola! Soy un log
[INFO] 11:56:36:751 TP0/(7454:7454): Tesla
[INFO] 11:57:44:018 TP0/(7533:7533): Hola! Soy un log
[INFO] 11:57:44:799 TP0/(7533:7533): Tesla
[INFO] 11:59:31:731 TP0/(7620:7620): Hola! Soy un log
[INFO] 11:59:33:713 TP0/(7620:7620): Tesla
[INFO] 12:02:20:703 TP0/(7721:7721): Hola! Soy un log
[INFO] 12:02:24:101 TP0/(7721:7721): Tesla
[INFO] 12:06:51:309 TP0/(7872:7872): Hola! Soy un log
[INFO] 12:07:03:130 TP0/(7872:7872): Tesla
